[LOG] System::create                           : Header version = 2.01.07. Current version = 2.01.07.
[LOG] Manager::init                            : maxchannels = 256 studioflags = 00000006 flags 00000000 extradriverdata 0000000000000000.
[LOG] SystemI::init                            : Initialize version=20107 (113487), maxchannels=256, flags=0x00020000
[LOG] SystemI::setOutputInternal               : Setting output to 'FMOD WASAPI Output'
[LOG] OutputWASAPI::init                       : Mix Format (WAVEFORMATEX): wFormatTag=0xFFFE, nChannels=2, nSamplesPerSec=48000, nAvgBytesPerSec=384000, nBlockAlign=8, wBitsPerSample=32, cbSize=22.
[LOG] OutputWASAPI::init                       : Mix Format (WAVEFORMATEXTENSIBLE): wValidBitsPerSample=32, dwChannelMask=0x00000003, SubFormat=00000003-0000-0010-8000-00AA00389B71.
[LOG] OutputWASAPI::init                       : Output buffer size: 4096 samples, latency: 0.00ms, period: 10.00ms, DSP buffer: 1024 * 4
[LOG] Thread::initThread                       : Init FMOD stream thread. Affinity: 0x8000000000000003, Priority: 0xFFFF7FFB, Stack Size: 98304, Semaphore: No, Sleep Time: 10, Looping: Yes.
[LOG] Thread::initThread                       : Init FMOD mixer thread. Affinity: 0x8000000000000001, Priority: 0xFFFF7FFA, Stack Size: 81920, Semaphore: No, Sleep Time: 0, Looping: Yes.
[LOG] AsyncManager::init                       : manager 0000023281FAF798 isAsync 0 updatePeriod 0.02
[LOG] AsyncManager::init                       : done
[LOG] PlaybackSystem::init                     : 
[LOG] Thread::initThread                       : Init FMOD Studio sample load thread. Affinity: 0x8000000000000003, Priority: 0xFFFF7FFD, Stack Size: 98304, Semaphore: No, Sleep Time: 1, Looping: No.
[LOG] PlaybackSystem::init                     : done
[LOG] Thread::initThread                       : Init FMOD Studio bank load thread. Affinity: 0x8000000000000003, Priority: 0xFFFF7FFD, Stack Size: 98304, Semaphore: No, Sleep Time: 1, Looping: No.
[LOG] Manager::init                            : done.
[LOG] Manager::readBank                        : fileversion = 135, compatVersion = 132 (oldest = 44, newest = 135)
[LOG] Manager::readBank                        : fileversion = 135, compatVersion = 132 (oldest = 44, newest = 135)
[LOG] SoundI::release                          : Underwater Sound (1 Hour) (00000232824DCFC8)
[LOG] SoundI::release                          :     Underwater Sound (1 Hour) (0000023197D25358)
[LOG] SoundI::release                          :     Underwater Sound (1 Hour) (000002327F485E88)
[LOG] SoundI::release                          : Predator_Track (00000231D0C89608)
[LOG] SoundI::release                          :     Predator_Track (0000023197D21738)
[LOG] SoundI::release                          :     Predator_Track (000002327F489B48)
[LOG] SoundI::release                          : Predator_Track (00000232824E3358)
[LOG] SoundI::release                          :     Predator_Track (0000023197D254F8)
[LOG] SoundI::release                          :     Predator_Track (000002327F47F798)
[LOG] SoundI::release                          : Predator_Track (00000232824E2FF8)
[LOG] SoundI::release                          :     Predator_Track (0000023197D20078)
[LOG] SoundI::release                          :     Predator_Track (000002327F47ED78)
[LOG] SoundI::release                          : Predator_Track (00000232824D9818)
[LOG] SoundI::release                          :     Predator_Track (0000023197D22438)
[LOG] SoundI::release                          :     Predator_Track (000002327F47B5C8)
[LOG] SoundI::release                          : Predator_Track (00000232824DB828)
[LOG] SoundI::release                          :     Predator_Track (0000023197D247F8)
[LOG] SoundI::release                          :     Predator_Track (000002327F47F438)
[LOG] SoundI::release                          : Predator_Track (00000232824D88E8)
[LOG] SoundI::release                          :     Predator_Track (0000023197D20D78)
[LOG] SoundI::release                          :     Predator_Track (000002327F47B418)
[LOG] SoundI::release                          : Predator_Track (00000232824DD178)
[LOG] SoundI::release                          :     Predator_Track (0000023197D244B8)
[LOG] SoundI::release                          :     Predator_Track (000002327F47B778)
[LOG] SoundI::release                          : Predator_Track (00000232824D8588)
[LOG] SoundI::release                          :     Predator_Track (0000023197D21DB8)
[LOG] SoundI::release                          :     Predator_Track (000002327F47EA18)
[LOG] SoundI::release                          : Predator_Track (00000231D0C8A898)
[LOG] SoundI::release                          :     Predator_Track (0000023197D20218)
[LOG] SoundI::release                          :     Predator_Track (00000231D19C6DC8)
[LOG] SoundI::release                          : Predator_Track (00000232824DC908)
[LOG] SoundI::release                          :     Predator_Track (0000023197D232D8)
[LOG] SoundI::release                          :     Predator_Track (000002327F47E6B8)
[LOG] SoundI::release                          : Predator_Track (00000231D0C89B18)
[LOG] SoundI::release                          :     Predator_Track (0000023197D225D8)
[LOG] SoundI::release                          :     Predator_Track (00000231D19C6048)
[LOG] SoundI::release                          : Predator_Track (00000232824DC758)
[LOG] SoundI::release                          :     Predator_Track (0000023197D22C58)
[LOG] SoundI::release                          :     Predator_Track (000002327F47E508)
[LOG] SoundI::release                          : Predator_Track (00000231D0C8B618)
[LOG] SoundI::release                          :     Predator_Track (0000023197D259D8)
[LOG] SoundI::release                          :     Predator_Track (00000231D19C68B8)
[LOG] SoundI::release                          : Predator_Track (00000232824D83D8)
[LOG] SoundI::release                          :     Predator_Track (0000023197D220F8)
[LOG] SoundI::release                          :     Predator_Track (000002327F47CF18)
[LOG] SoundI::release                          : Predator_Track (00000231D0C8B468)
[LOG] SoundI::release                          :     Predator_Track (0000023197D25838)
[LOG] SoundI::release                          :     Predator_Track (00000231D19C8C28)
[LOG] SoundI::release                          : Predator_Track (00000232824D8C48)
[LOG] SoundI::release                          :     Predator_Track (0000023197D20A38)
[LOG] SoundI::release                          :     Predator_Track (000002327F47DFF8)
[LOG] SoundI::release                          : Predator_Track (00000231D0C8A388)
[LOG] SoundI::release                          :     Predator_Track (0000023197D21F58)
[LOG] SoundI::release                          :     Predator_Track (00000231D19C63A8)
[LOG] SoundI::release                          : Predator_Track (00000232824DB678)
[LOG] SoundI::release                          :     Predator_Track (0000023197D20BD8)
[LOG] SoundI::release                          :     Predator_Track (000002327F488C18)
[LOG] SoundI::release                          : Predator_Track (00000231D0C88378)
[LOG] SoundI::release                          :     Predator_Track (0000023197D210B8)
[LOG] SoundI::release                          :     Predator_Track (00000231D19C8DD8)
[LOG] SoundI::release                          : Predator_Track (00000232824DB168)
[LOG] SoundI::release                          :     Predator_Track (0000023197D20898)
[LOG] SoundI::release                          :     Predator_Track (000002327F487E98)
[LOG] SoundI::release                          : Predator_Track (00000231D0C881C8)
[LOG] SoundI::release                          :     Predator_Track (0000023197D20F18)
[LOG] SoundI::release                          :     Predator_Track (00000231D19C7CF8)
[LOG] SoundI::release                          : Predator_Track (00000231D0C87E68)
[LOG] SoundI::release                          :     Predator_Track (0000023197D22F98)
[LOG] SoundI::release                          :     Predator_Track (00000231D19C7B48)
[LOG] SoundI::release                          : Deep_Ocean_Sketch (00000232824DAE08)
[LOG] SoundI::release                          :     Deep_Ocean_Sketch (0000023197D24178)
[LOG] SoundI::release                          :     Deep_Ocean_Sketch (00000231D0C89458)
[LOG] Thread::callback                         : FMOD Studio update thread finished.
[LOG] Thread::callback                         : FMOD Studio bank load thread finished.
[LOG] Profile::disconnectAll                   : Profiler disconnecting all clients
[LOG] Thread::callback                         : FMOD Studio sample load thread finished.
[LOG] LiveUpdate::release                      : 
[LOG] LiveUpdate::reset                        : Reset connection (reason Disconnected)
[LOG] Thread::callback                         : FMOD stream thread finished.
[LOG] Thread::callback                         : FMOD mixer thread finished.
[LOG] Profile::disconnectAll                   : Profiler disconnecting all clients
[LOG] SystemI::close                           : Closed.
[LOG] Manager::readBank                        : fileversion = 135, compatVersion = 132 (oldest = 44, newest = 135)
[LOG] Manager::readBank                        : fileversion = 135, compatVersion = 132 (oldest = 44, newest = 135)
[LOG] Manager::readBank                        : fileversion = 135, compatVersion = 132 (oldest = 44, newest = 135)
[LOG] Manager::readBank                        : fileversion = 135, compatVersion = 132 (oldest = 44, newest = 135)
[LOG] Manager::readBank                        : fileversion = 135, compatVersion = 132 (oldest = 44, newest = 135)
[LOG] Manager::readBank                        : fileversion = 135, compatVersion = 132 (oldest = 44, newest = 135)
[LOG] PlaybackSystem::acquireMasterBus         : Setting master channel group format to 6
[LOG] Thread::callback                         : FMOD Studio bank load thread finished.
[LOG] Thread::callback                         : FMOD Studio sample load thread finished.
[LOG] LiveUpdate::release                      : 
[LOG] LiveUpdate::reset                        : Reset connection (reason Disconnected)
[LOG] Thread::callback                         : FMOD stream thread finished.
[LOG] Thread::callback                         : FMOD mixer thread finished.
[LOG] SystemI::close                           : Closed.
[LOG] Thread::callback                         : FMOD nonblocking thread (0) finished.
[LOG] Thread::callback                         : FMOD file thread finished.
